<?xml version="1.0" encoding="UTF-8"?>
<!-- Generated by org.testng.reporters.JUnitReportReporter -->
<testsuite hostname="Prashant" failures="0" tests="5" name="testCases.TC003_LoginTestDDT" time="50.722" errors="0" timestamp="2025-07-18T14:46:35 IST" skipped="0">
  <testcase classname="testCases.TC003_LoginTestDDT" name="LoginDDT" time="2.843"/>
  <testcase classname="testCases.TC003_LoginTestDDT" name="LoginDDT" time="12.180"/>
  <testcase classname="testCases.TC003_LoginTestDDT" name="LoginDDT" time="11.844"/>
  <testcase classname="testCases.TC003_LoginTestDDT" name="LoginDDT" time="11.629"/>
  <testcase classname="testCases.TC003_LoginTestDDT" name="LoginDDT" time="12.226"/>
</testsuite> <!-- testCases.TC003_LoginTestDDT -->
