<?xml version="1.0" encoding="UTF-8"?>
<!-- Generated by org.testng.reporters.JUnitReportReporter -->
<testsuite hostname="Prashant" failures="0" tests="1" name="testCases.TC001_AccountRegistrationTest" time="4.269" errors="0" timestamp="2025-07-21T21:09:14 IST" skipped="0">
  <testcase classname="testCases.TC001_AccountRegistrationTest" name="AccountRegister" time="4.269"/>
</testsuite> <!-- testCases.TC001_AccountRegistrationTest -->
