<?xml version="1.0" encoding="UTF-8"?>
<!-- Generated by org.testng.reporters.JUnitReportReporter -->
<testsuite hostname="Prashant" failures="0" tests="1" name="testCases.TC002_LoginTest" time="2.130" errors="0" timestamp="2025-07-25T14:25:01 IST" skipped="0">
  <testcase classname="testCases.TC002_LoginTest" name="Login" time="2.130"/>
</testsuite> <!-- testCases.TC002_LoginTest -->
