<?xml version="1.0" encoding="UTF-8"?>
<!-- Generated by org.testng.reporters.JUnitReportReporter -->
<testsuite hostname="Prashant" failures="0" tests="1" name="testCases.TC004_AddingProductIntoCartTest" time="3.558" errors="0" timestamp="2025-07-25T15:17:22 IST" skipped="0">
  <testcase classname="testCases.TC004_AddingProductIntoCartTest" name="AddingProduct" time="3.558"/>
</testsuite> <!-- testCases.TC004_AddingProductIntoCartTest -->
