<?xml version="1.0" encoding="UTF-8"?>
<!-- Generated by org.testng.reporters.JUnitReportReporter -->
<testsuite hostname="Prashant" failures="0" tests="1" name="testCases.AccountRegistrationTest" time="1.928" errors="0" timestamp="2025-07-10T15:32:59 IST" skipped="0">
  <testcase classname="testCases.AccountRegistrationTest" name="AccountRegister" time="1.928"/>
</testsuite> <!-- testCases.AccountRegistrationTest -->
