<?xml version="1.0" encoding="UTF-8"?>
<!-- Generated by org.testng.reporters.JUnitReportReporter -->
<testsuite hostname="Prashant" failures="0" tests="1" name="testCases.TC002_LoginTest" time="2.950" errors="0" timestamp="2025-07-21T21:23:11 IST" skipped="0">
  <testcase classname="testCases.TC002_LoginTest" name="Login" time="2.950"/>
</testsuite> <!-- testCases.TC002_LoginTest -->
