<?xml version="1.0" encoding="UTF-8"?>
<!-- Generated by org.testng.reporters.JUnitReportReporter -->
<testsuite hostname="Prashant" failures="0" tests="1" name="testCases.TC005_SearchingAnItemTest" time="6.178" errors="0" timestamp="2025-07-26T15:40:36 IST" skipped="0">
  <testcase classname="testCases.TC005_SearchingAnItemTest" name="Searching" time="6.178"/>
</testsuite> <!-- testCases.TC005_SearchingAnItemTest -->
