<?xml version="1.0" encoding="UTF-8"?>
<!-- Generated by org.testng.reporters.JUnitReportReporter -->
<testsuite hostname="Prashant" failures="0" tests="1" name="testCases.TC002_LoginTest" time="2.565" errors="0" timestamp="2025-07-16T23:12:29 IST" skipped="0">
  <testcase classname="testCases.TC002_LoginTest" name="Login" time="2.565"/>
</testsuite> <!-- testCases.TC002_LoginTest -->
